This is pdfTeX, Version 3.14159265-2.6-1.40.21 (MiKTeX 20.6.29) (preloaded format=pdflatex 2020.10.18)  13 JAN 2022 11:34
entering extended mode
**"c:/Users/afabre/Documents/www/beliefs_climate_policies/Presentation 20'/main.tex"
("c:/Users/afabre/Documents/www/beliefs_climate_policies/Presentation 20'/main.tex"
LaTeX2e <2020-02-02> patch level 5
L3 programming layer <2020-06-18> (C:\Users\afabre\AppData\Roaming\MiKTeX\tex/latex/beamer\beamer.cls
Document Class: beamer 2020/07/22 v3.59 A class for typesetting presentations
(C:\Users\afabre\AppData\Roaming\MiKTeX\tex/latex/beamer\beamerbasemodes.sty ("C:\Program Files\MiKTeX\tex/latex/etoolbox\etoolbox.sty"
Package: etoolbox 2019/09/21 v2.5h e-TeX tools for LaTeX (JAW)
\etb@tempcnta=\count167
)
\beamer@tempbox=\box45
\beamer@tempcount=\count168
\c@beamerpauses=\count169
 (C:\Users\afabre\AppData\Roaming\MiKTeX\tex/latex/beamer\beamerbasedecode.sty
\beamer@slideinframe=\count170
\beamer@minimum=\count171
\beamer@decode@box=\box46
)
\beamer@commentbox=\box47
\beamer@modecount=\count172
) ("C:\Program Files\MiKTeX\tex/generic/iftex\ifpdf.sty"
Package: ifpdf 2019/10/25 v3.4 ifpdf legacy package. Use iftex instead.
 ("C:\Program Files\MiKTeX\tex/generic/iftex\iftex.sty"
Package: iftex 2020/03/06 v1.0d TeX engine tests
))
\headdp=\dimen134
\footheight=\dimen135
\sidebarheight=\dimen136
\beamer@tempdim=\dimen137
\beamer@finalheight=\dimen138
\beamer@animht=\dimen139
\beamer@animdp=\dimen140
\beamer@animwd=\dimen141
\beamer@leftmargin=\dimen142
\beamer@rightmargin=\dimen143
\beamer@leftsidebar=\dimen144
\beamer@rightsidebar=\dimen145
\beamer@boxsize=\dimen146
\beamer@vboxoffset=\dimen147
\beamer@descdefault=\dimen148
\beamer@descriptionwidth=\dimen149
\beamer@lastskip=\skip47
\beamer@areabox=\box48
\beamer@animcurrent=\box49
\beamer@animshowbox=\box50
\beamer@sectionbox=\box51
\beamer@logobox=\box52
\beamer@linebox=\box53
\beamer@sectioncount=\count173
\beamer@subsubsectionmax=\count174
\beamer@subsectionmax=\count175
\beamer@sectionmax=\count176
\beamer@totalheads=\count177
\beamer@headcounter=\count178
\beamer@partstartpage=\count179
\beamer@sectionstartpage=\count180
\beamer@subsectionstartpage=\count181
\beamer@animationtempa=\count182
\beamer@animationtempb=\count183
\beamer@xpos=\count184
\beamer@ypos=\count185
\beamer@ypos@offset=\count186
\beamer@showpartnumber=\count187
\beamer@currentsubsection=\count188
\beamer@coveringdepth=\count189
\beamer@sectionadjust=\count190
\beamer@tocsectionnumber=\count191
 (C:\Users\afabre\AppData\Roaming\MiKTeX\tex/latex/beamer\beamerbaseoptions.sty ("C:\Program Files\MiKTeX\tex/latex/graphics\keyval.sty"
Package: keyval 2014/10/28 v1.15 key=value parser (DPC)
\KV@toks@=\toks15
))
\beamer@paperwidth=\skip48
\beamer@paperheight=\skip49
 (C:\Users\afabre\AppData\Roaming\MiKTeX\tex/latex/geometry\geometry.sty
Package: geometry 2020/01/02 v5.9 Page Geometry
 ("C:\Program Files\MiKTeX\tex/generic/iftex\ifvtex.sty"
Package: ifvtex 2019/10/25 v1.7 ifvtex legacy package. Use iftex instead.
)
\Gm@cnth=\count192
\Gm@cntv=\count193
\c@Gm@tempcnt=\count194
\Gm@bindingoffset=\dimen150
\Gm@wd@mp=\dimen151
\Gm@odd@mp=\dimen152
\Gm@even@mp=\dimen153
\Gm@layoutwidth=\dimen154
\Gm@layoutheight=\dimen155
\Gm@layouthoffset=\dimen156
\Gm@layoutvoffset=\dimen157
\Gm@dimlist=\toks16
 (C:\Users\afabre\AppData\Roaming\MiKTeX\tex/latex/geometry\geometry.cfg)) (C:\Users\afabre\AppData\Roaming\MiKTeX\tex/latex/extsizes\size9.clo
File: size9.clo 1999/11/11 v1.4a NON-Standard LaTeX file (size option)
) ("C:\Program Files\MiKTeX\tex/latex/pgf/basiclayer\pgfcore.sty" ("C:\Program Files\MiKTeX\tex/latex/graphics\graphicx.sty"
Package: graphicx 2019/11/30 v1.2a Enhanced LaTeX Graphics (DPC,SPQR)
 ("C:\Program Files\MiKTeX\tex/latex/graphics\graphics.sty"
Package: graphics 2019/11/30 v1.4a Standard LaTeX Graphics (DPC,SPQR)
 ("C:\Program Files\MiKTeX\tex/latex/graphics\trig.sty"
Package: trig 2016/01/03 v1.10 sin cos tan (DPC)
) ("C:\Program Files\MiKTeX\tex/latex/graphics-cfg\graphics.cfg"
File: graphics.cfg 2016/06/04 v1.11 sample graphics configuration
)
Package graphics Info: Driver file: pdftex.def on input line 105.
 ("C:\Program Files\MiKTeX\tex/latex/graphics-def\pdftex.def"
File: pdftex.def 2018/01/08 v1.0l Graphics/color driver for pdftex
))
\Gin@req@height=\dimen158
\Gin@req@width=\dimen159
) ("C:\Program Files\MiKTeX\tex/latex/pgf/systemlayer\pgfsys.sty" ("C:\Program Files\MiKTeX\tex/latex/pgf/utilities\pgfrcs.sty" ("C:\Program Files\MiKTeX\tex/generic/pgf/utilities\pgfutil-common.tex"
\pgfutil@everybye=\toks17
\pgfutil@tempdima=\dimen160
\pgfutil@tempdimb=\dimen161
 ("C:\Program Files\MiKTeX\tex/generic/pgf/utilities\pgfutil-common-lists.tex")) ("C:\Program Files\MiKTeX\tex/generic/pgf/utilities\pgfutil-latex.def"
\pgfutil@abb=\box54
 ("C:\Program Files\MiKTeX\tex/latex/ms\everyshi.sty"
Package: everyshi 2001/05/15 v3.00 EveryShipout Package (MS)
)) ("C:\Program Files\MiKTeX\tex/generic/pgf/utilities\pgfrcs.code.tex" ("C:\Program Files\MiKTeX\tex/generic/pgf\pgf.revision.tex")
Package: pgfrcs 2020/01/08 v3.1.5b (3.1.5b)
)) ("C:\Program Files\MiKTeX\tex/generic/pgf/systemlayer\pgfsys.code.tex"
Package: pgfsys 2020/01/08 v3.1.5b (3.1.5b)
 ("C:\Program Files\MiKTeX\tex/generic/pgf/utilities\pgfkeys.code.tex"
\pgfkeys@pathtoks=\toks18
\pgfkeys@temptoks=\toks19
 ("C:\Program Files\MiKTeX\tex/generic/pgf/utilities\pgfkeysfiltered.code.tex"
\pgfkeys@tmptoks=\toks20
))
\pgf@x=\dimen162
\pgf@y=\dimen163
\pgf@xa=\dimen164
\pgf@ya=\dimen165
\pgf@xb=\dimen166
\pgf@yb=\dimen167
\pgf@xc=\dimen168
\pgf@yc=\dimen169
\pgf@xd=\dimen170
\pgf@yd=\dimen171
\w@pgf@writea=\write3
\r@pgf@reada=\read2
\c@pgf@counta=\count195
\c@pgf@countb=\count196
\c@pgf@countc=\count197
\c@pgf@countd=\count198
\t@pgf@toka=\toks21
\t@pgf@tokb=\toks22
\t@pgf@tokc=\toks23
\pgf@sys@id@count=\count199
 ("C:\Program Files\MiKTeX\tex/generic/pgf/systemlayer\pgf.cfg"
File: pgf.cfg 2020/01/08 v3.1.5b (3.1.5b)
)
Driver file for pgf: pgfsys-pdftex.def
 ("C:\Program Files\MiKTeX\tex/generic/pgf/systemlayer\pgfsys-pdftex.def"
File: pgfsys-pdftex.def 2020/01/08 v3.1.5b (3.1.5b)
 ("C:\Program Files\MiKTeX\tex/generic/pgf/systemlayer\pgfsys-common-pdf.def"
File: pgfsys-common-pdf.def 2020/01/08 v3.1.5b (3.1.5b)
))) ("C:\Program Files\MiKTeX\tex/generic/pgf/systemlayer\pgfsyssoftpath.code.tex"
File: pgfsyssoftpath.code.tex 2020/01/08 v3.1.5b (3.1.5b)
\pgfsyssoftpath@smallbuffer@items=\count266
\pgfsyssoftpath@bigbuffer@items=\count267
) ("C:\Program Files\MiKTeX\tex/generic/pgf/systemlayer\pgfsysprotocol.code.tex"
File: pgfsysprotocol.code.tex 2020/01/08 v3.1.5b (3.1.5b)
)) ("C:\Program Files\MiKTeX\tex/latex/xcolor\xcolor.sty"
Package: xcolor 2016/05/11 v2.12 LaTeX color extensions (UK)
 ("C:\Program Files\MiKTeX\tex/latex/graphics-cfg\color.cfg"
File: color.cfg 2016/01/02 v1.6 sample color configuration
)
Package xcolor Info: Driver file: pdftex.def on input line 225.
Package xcolor Info: Model `cmy' substituted by `cmy0' on input line 1348.
Package xcolor Info: Model `hsb' substituted by `rgb' on input line 1352.
Package xcolor Info: Model `RGB' extended on input line 1364.
Package xcolor Info: Model `HTML' substituted by `rgb' on input line 1366.
Package xcolor Info: Model `Hsb' substituted by `hsb' on input line 1367.
Package xcolor Info: Model `tHsb' substituted by `hsb' on input line 1368.
Package xcolor Info: Model `HSB' substituted by `hsb' on input line 1369.
Package xcolor Info: Model `Gray' substituted by `gray' on input line 1370.
Package xcolor Info: Model `wave' substituted by `hsb' on input line 1371.
 ("C:\Program Files\MiKTeX\tex/latex/graphics\dvipsnam.def"
File: dvipsnam.def 2016/06/17 v3.0m Driver-dependent file (DPC,SPQR)
)) ("C:\Program Files\MiKTeX\tex/generic/pgf/basiclayer\pgfcore.code.tex"
Package: pgfcore 2020/01/08 v3.1.5b (3.1.5b)
 ("C:\Program Files\MiKTeX\tex/generic/pgf/math\pgfmath.code.tex" ("C:\Program Files\MiKTeX\tex/generic/pgf/math\pgfmathcalc.code.tex" ("C:\Program Files\MiKTeX\tex/generic/pgf/math\pgfmathutil.code.tex") ("C:\Program Files\MiKTeX\tex/generic/pgf/math\pgfmathparser.code.tex"
\pgfmath@dimen=\dimen172
\pgfmath@count=\count268
\pgfmath@box=\box55
\pgfmath@toks=\toks24
\pgfmath@stack@operand=\toks25
\pgfmath@stack@operation=\toks26
) ("C:\Program Files\MiKTeX\tex/generic/pgf/math\pgfmathfunctions.code.tex" ("C:\Program Files\MiKTeX\tex/generic/pgf/math\pgfmathfunctions.basic.code.tex") ("C:\Program Files\MiKTeX\tex/generic/pgf/math\pgfmathfunctions.trigonometric.code.tex") ("C:\Program Files\MiKTeX\tex/generic/pgf/math\pgfmathfunctions.random.code.tex") ("C:\Program Files\MiKTeX\tex/generic/pgf/math\pgfmathfunctions.comparison.code.tex") ("C:\Program Files\MiKTeX\tex/generic/pgf/math\pgfmathfunctions.base.code.tex") ("C:\Program Files\MiKTeX\tex/generic/pgf/math\pgfmathfunctions.round.code.tex") ("C:\Program Files\MiKTeX\tex/generic/pgf/math\pgfmathfunctions.misc.code.tex") ("C:\Program Files\MiKTeX\tex/generic/pgf/math\pgfmathfunctions.integerarithmetics.code.tex"))) ("C:\Program Files\MiKTeX\tex/generic/pgf/math\pgfmathfloat.code.tex"
\c@pgfmathroundto@lastzeros=\count269
)) ("C:\Program Files\MiKTeX\tex/generic/pgf/math\pgfint.code.tex") ("C:\Program Files\MiKTeX\tex/generic/pgf/basiclayer\pgfcorepoints.code.tex"
File: pgfcorepoints.code.tex 2020/01/08 v3.1.5b (3.1.5b)
\pgf@picminx=\dimen173
\pgf@picmaxx=\dimen174
\pgf@picminy=\dimen175
\pgf@picmaxy=\dimen176
\pgf@pathminx=\dimen177
\pgf@pathmaxx=\dimen178
\pgf@pathminy=\dimen179
\pgf@pathmaxy=\dimen180
\pgf@xx=\dimen181
\pgf@xy=\dimen182
\pgf@yx=\dimen183
\pgf@yy=\dimen184
\pgf@zx=\dimen185
\pgf@zy=\dimen186
) ("C:\Program Files\MiKTeX\tex/generic/pgf/basiclayer\pgfcorepathconstruct.code.tex"
File: pgfcorepathconstruct.code.tex 2020/01/08 v3.1.5b (3.1.5b)
\pgf@path@lastx=\dimen187
\pgf@path@lasty=\dimen188
) ("C:\Program Files\MiKTeX\tex/generic/pgf/basiclayer\pgfcorepathusage.code.tex"
File: pgfcorepathusage.code.tex 2020/01/08 v3.1.5b (3.1.5b)
\pgf@shorten@end@additional=\dimen189
\pgf@shorten@start@additional=\dimen190
) ("C:\Program Files\MiKTeX\tex/generic/pgf/basiclayer\pgfcorescopes.code.tex"
File: pgfcorescopes.code.tex 2020/01/08 v3.1.5b (3.1.5b)
\pgfpic=\box56
\pgf@hbox=\box57
\pgf@layerbox@main=\box58
\pgf@picture@serial@count=\count270
) ("C:\Program Files\MiKTeX\tex/generic/pgf/basiclayer\pgfcoregraphicstate.code.tex"
File: pgfcoregraphicstate.code.tex 2020/01/08 v3.1.5b (3.1.5b)
\pgflinewidth=\dimen191
) ("C:\Program Files\MiKTeX\tex/generic/pgf/basiclayer\pgfcoretransformations.code.tex"
File: pgfcoretransformations.code.tex 2020/01/08 v3.1.5b (3.1.5b)
\pgf@pt@x=\dimen192
\pgf@pt@y=\dimen193
\pgf@pt@temp=\dimen194
) ("C:\Program Files\MiKTeX\tex/generic/pgf/basiclayer\pgfcorequick.code.tex"
File: pgfcorequick.code.tex 2020/01/08 v3.1.5b (3.1.5b)
) ("C:\Program Files\MiKTeX\tex/generic/pgf/basiclayer\pgfcoreobjects.code.tex"
File: pgfcoreobjects.code.tex 2020/01/08 v3.1.5b (3.1.5b)
) ("C:\Program Files\MiKTeX\tex/generic/pgf/basiclayer\pgfcorepathprocessing.code.tex"
File: pgfcorepathprocessing.code.tex 2020/01/08 v3.1.5b (3.1.5b)
) ("C:\Program Files\MiKTeX\tex/generic/pgf/basiclayer\pgfcorearrows.code.tex"
File: pgfcorearrows.code.tex 2020/01/08 v3.1.5b (3.1.5b)
\pgfarrowsep=\dimen195
) ("C:\Program Files\MiKTeX\tex/generic/pgf/basiclayer\pgfcoreshade.code.tex"
File: pgfcoreshade.code.tex 2020/01/08 v3.1.5b (3.1.5b)
\pgf@max=\dimen196
\pgf@sys@shading@range@num=\count271
\pgf@shadingcount=\count272
) ("C:\Program Files\MiKTeX\tex/generic/pgf/basiclayer\pgfcoreimage.code.tex"
File: pgfcoreimage.code.tex 2020/01/08 v3.1.5b (3.1.5b)
 ("C:\Program Files\MiKTeX\tex/generic/pgf/basiclayer\pgfcoreexternal.code.tex"
File: pgfcoreexternal.code.tex 2020/01/08 v3.1.5b (3.1.5b)
\pgfexternal@startupbox=\box59
)) ("C:\Program Files\MiKTeX\tex/generic/pgf/basiclayer\pgfcorelayers.code.tex"
File: pgfcorelayers.code.tex 2020/01/08 v3.1.5b (3.1.5b)
) ("C:\Program Files\MiKTeX\tex/generic/pgf/basiclayer\pgfcoretransparency.code.tex"
File: pgfcoretransparency.code.tex 2020/01/08 v3.1.5b (3.1.5b)
) ("C:\Program Files\MiKTeX\tex/generic/pgf/basiclayer\pgfcorepatterns.code.tex"
File: pgfcorepatterns.code.tex 2020/01/08 v3.1.5b (3.1.5b)
) ("C:\Program Files\MiKTeX\tex/generic/pgf/basiclayer\pgfcorerdf.code.tex"
File: pgfcorerdf.code.tex 2020/01/08 v3.1.5b (3.1.5b)
))) ("C:\Program Files\MiKTeX\tex/latex/pgf/utilities\xxcolor.sty"
Package: xxcolor 2003/10/24 ver 0.1
\XC@nummixins=\count273
\XC@countmixins=\count274
) (C:\Users\afabre\AppData\Roaming\MiKTeX\tex/generic/atbegshi\atbegshi.sty
Package: atbegshi 2019/12/05 v1.19 At begin shipout hook (HO)
 (C:\Users\afabre\AppData\Roaming\MiKTeX\tex/generic/infwarerr\infwarerr.sty
Package: infwarerr 2019/12/03 v1.5 Providing info/warning/error messages (HO)
) (C:\Users\afabre\AppData\Roaming\MiKTeX\tex/generic/ltxcmds\ltxcmds.sty
Package: ltxcmds 2019/12/15 v1.24 LaTeX kernel commands for general use (HO)
)) ("C:\Program Files\MiKTeX\tex/latex/hyperref\hyperref.sty"
Package: hyperref 2020-05-15 v7.00e Hypertext links for LaTeX
 ("C:\Program Files\MiKTeX\tex/generic/pdftexcmds\pdftexcmds.sty"
Package: pdftexcmds 2020-06-27 v0.33 Utility functions of pdfTeX for LuaTeX (HO)
Package pdftexcmds Info: \pdf@primitive is available.
Package pdftexcmds Info: \pdf@ifprimitive is available.
Package pdftexcmds Info: \pdfdraftmode found.
) (C:\Users\afabre\AppData\Roaming\MiKTeX\tex/generic/kvsetkeys\kvsetkeys.sty
Package: kvsetkeys 2019/12/15 v1.18 Key value parser (HO)
) (C:\Users\afabre\AppData\Roaming\MiKTeX\tex/generic/kvdefinekeys\kvdefinekeys.sty
Package: kvdefinekeys 2019-12-19 v1.6 Define keys (HO)
) (C:\Users\afabre\AppData\Roaming\MiKTeX\tex/generic/pdfescape\pdfescape.sty
Package: pdfescape 2019/12/09 v1.15 Implements pdfTeX's escape features (HO)
) (C:\Users\afabre\AppData\Roaming\MiKTeX\tex/latex/hycolor\hycolor.sty
Package: hycolor 2020-01-27 v1.10 Color options for hyperref/bookmark (HO)
) (C:\Users\afabre\AppData\Roaming\MiKTeX\tex/latex/letltxmacro\letltxmacro.sty
Package: letltxmacro 2019/12/03 v1.6 Let assignment for LaTeX macros (HO)
) (C:\Users\afabre\AppData\Roaming\MiKTeX\tex/latex/auxhook\auxhook.sty
Package: auxhook 2019-12-17 v1.6 Hooks for auxiliary files (HO)
) (C:\Users\afabre\AppData\Roaming\MiKTeX\tex/latex/kvoptions\kvoptions.sty
Package: kvoptions 2019/11/29 v3.13 Key value format for package options (HO)
)
\@linkdim=\dimen197
\Hy@linkcounter=\count275
\Hy@pagecounter=\count276
 ("C:\Program Files\MiKTeX\tex/latex/hyperref\pd1enc.def"
File: pd1enc.def 2020-05-15 v7.00e Hyperref: PDFDocEncoding definition (HO)
Now handling font encoding PD1 ...
... no UTF-8 mapping file for font encoding PD1
) (C:\Users\afabre\AppData\Roaming\MiKTeX\tex/generic/intcalc\intcalc.sty
Package: intcalc 2019/12/15 v1.3 Expandable calculations with integers (HO)
) (C:\Users\afabre\AppData\Roaming\MiKTeX\tex/generic/etexcmds\etexcmds.sty
Package: etexcmds 2019/12/15 v1.7 Avoid name clashes with e-TeX commands (HO)
)
\Hy@SavedSpaceFactor=\count277
Package hyperref Info: Option `bookmarks' set `true' on input line 4338.
Package hyperref Info: Option `bookmarksopen' set `true' on input line 4338.
Package hyperref Info: Option `implicit' set `false' on input line 4338.
Package hyperref Info: Hyper figures OFF on input line 4464.
Package hyperref Info: Link nesting OFF on input line 4469.
Package hyperref Info: Hyper index ON on input line 4472.
Package hyperref Info: Plain pages OFF on input line 4479.
Package hyperref Info: Backreferencing OFF on input line 4484.
Package hyperref Info: Implicit mode OFF; no redefinition of LaTeX internals.
Package hyperref Info: Bookmarks ON on input line 4717.
\c@Hy@tempcnt=\count278
 ("C:\Program Files\MiKTeX\tex/latex/url\url.sty"
\Urlmuskip=\muskip16
Package: url 2013/09/16  ver 3.4  Verb mode for urls, etc.
)
LaTeX Info: Redefining \url on input line 5076.
\XeTeXLinkMargin=\dimen198
 (C:\Users\afabre\AppData\Roaming\MiKTeX\tex/generic/bitset\bitset.sty
Package: bitset 2019/12/09 v1.3 Handle bit-vector datatype (HO)
 (C:\Users\afabre\AppData\Roaming\MiKTeX\tex/generic/bigintcalc\bigintcalc.sty
Package: bigintcalc 2019/12/15 v1.5 Expandable calculations on big integers (HO)
))
\Fld@menulength=\count279
\Field@Width=\dimen199
\Fld@charsize=\dimen256
Package hyperref Info: Hyper figures OFF on input line 6347.
Package hyperref Info: Link nesting OFF on input line 6352.
Package hyperref Info: Hyper index ON on input line 6355.
Package hyperref Info: backreferencing OFF on input line 6362.
Package hyperref Info: Link coloring OFF on input line 6367.
Package hyperref Info: Link coloring with OCG OFF on input line 6372.
Package hyperref Info: PDF/A mode OFF on input line 6377.
LaTeX Info: Redefining \ref on input line 6417.
LaTeX Info: Redefining \pageref on input line 6421.
\Hy@abspage=\count280


Package hyperref Message: Stopped early.

)
Package hyperref Info: Driver (autodetected): hpdftex.
 ("C:\Program Files\MiKTeX\tex/latex/hyperref\hpdftex.def"
File: hpdftex.def 2020-05-15 v7.00e Hyperref driver for pdfTeX
 (C:\Users\afabre\AppData\Roaming\MiKTeX\tex/latex/atveryend\atveryend.sty
Package: atveryend 2019-12-11 v1.11 Hooks at the very end of document (HO)
)
\Fld@listcount=\count281
\c@bookmark@seq@number=\count282
 (C:\Users\afabre\AppData\Roaming\MiKTeX\tex/latex/rerunfilecheck\rerunfilecheck.sty
Package: rerunfilecheck 2019/12/05 v1.9 Rerun checks for auxiliary files (HO)
 (C:\Users\afabre\AppData\Roaming\MiKTeX\tex/generic/uniquecounter\uniquecounter.sty
Package: uniquecounter 2019/12/15 v1.4 Provide unlimited unique counter (HO)
)
Package uniquecounter Info: New unique counter `rerunfilecheck' on input line 286.
)) (C:\Users\afabre\AppData\Roaming\MiKTeX\tex/latex/beamer\beamerbaserequires.sty (C:\Users\afabre\AppData\Roaming\MiKTeX\tex/latex/beamer\beamerbasecompatibility.sty) (C:\Users\afabre\AppData\Roaming\MiKTeX\tex/latex/beamer\beamerbasefont.sty ("C:\Program Files\MiKTeX\tex/latex/amsfonts\amssymb.sty"
Package: amssymb 2013/01/14 v3.01 AMS font symbols
 ("C:\Program Files\MiKTeX\tex/latex/amsfonts\amsfonts.sty"
Package: amsfonts 2013/01/14 v3.01 Basic AMSFonts support
\@emptytoks=\toks27
\symAMSa=\mathgroup4
\symAMSb=\mathgroup5
LaTeX Font Info:    Redeclaring math symbol \hbar on input line 98.
LaTeX Font Info:    Overwriting math alphabet `\mathfrak' in version `bold'
(Font)                  U/euf/m/n --> U/euf/b/n on input line 106.
)) (C:\Users\afabre\AppData\Roaming\MiKTeX\tex/latex/sansmathaccent\sansmathaccent.sty
Package: sansmathaccent 2020/01/31
 (C:\Users\afabre\AppData\Roaming\MiKTeX\tex/latex/koma-script\scrlfile.sty
Package: scrlfile 2020/07/22 v3.31 KOMA-Script package (loading files)
))) (C:\Users\afabre\AppData\Roaming\MiKTeX\tex/latex/beamer\beamerbasetranslator.sty (C:\Users\afabre\AppData\Roaming\MiKTeX\tex/latex/translator\translator.sty
Package: translator 2020-08-03 v1.12c Easy translation of strings in LaTeX
)) (C:\Users\afabre\AppData\Roaming\MiKTeX\tex/latex/beamer\beamerbasemisc.sty) (C:\Users\afabre\AppData\Roaming\MiKTeX\tex/latex/beamer\beamerbasetwoscreens.sty) (C:\Users\afabre\AppData\Roaming\MiKTeX\tex/latex/beamer\beamerbaseoverlay.sty
\beamer@argscount=\count283
\beamer@lastskipcover=\skip50
\beamer@trivlistdepth=\count284
) (C:\Users\afabre\AppData\Roaming\MiKTeX\tex/latex/beamer\beamerbasetitle.sty) (C:\Users\afabre\AppData\Roaming\MiKTeX\tex/latex/beamer\beamerbasesection.sty
\c@lecture=\count285
\c@part=\count286
\c@section=\count287
\c@subsection=\count288
\c@subsubsection=\count289
) (C:\Users\afabre\AppData\Roaming\MiKTeX\tex/latex/beamer\beamerbaseframe.sty
\beamer@framebox=\box60
\beamer@frametitlebox=\box61
\beamer@zoombox=\box62
\beamer@zoomcount=\count290
\beamer@zoomframecount=\count291
\beamer@frametextheight=\dimen257
\c@subsectionslide=\count292
\beamer@frametopskip=\skip51
\beamer@framebottomskip=\skip52
\beamer@frametopskipautobreak=\skip53
\beamer@framebottomskipautobreak=\skip54
\beamer@envbody=\toks28
\framewidth=\dimen258
\c@framenumber=\count293
) (C:\Users\afabre\AppData\Roaming\MiKTeX\tex/latex/beamer\beamerbaseverbatim.sty
\beamer@verbatimfileout=\write4
) (C:\Users\afabre\AppData\Roaming\MiKTeX\tex/latex/beamer\beamerbaseframesize.sty
\beamer@splitbox=\box63
\beamer@autobreakcount=\count294
\beamer@autobreaklastheight=\dimen259
\beamer@frametitletoks=\toks29
\beamer@framesubtitletoks=\toks30
) (C:\Users\afabre\AppData\Roaming\MiKTeX\tex/latex/beamer\beamerbaseframecomponents.sty
\beamer@footins=\box64
) (C:\Users\afabre\AppData\Roaming\MiKTeX\tex/latex/beamer\beamerbasecolor.sty) (C:\Users\afabre\AppData\Roaming\MiKTeX\tex/latex/beamer\beamerbasenotes.sty
\beamer@frameboxcopy=\box65
) (C:\Users\afabre\AppData\Roaming\MiKTeX\tex/latex/beamer\beamerbasetoc.sty) (C:\Users\afabre\AppData\Roaming\MiKTeX\tex/latex/beamer\beamerbasetemplates.sty
\beamer@sbttoks=\toks31
 (C:\Users\afabre\AppData\Roaming\MiKTeX\tex/latex/beamer\beamerbaseauxtemplates.sty (C:\Users\afabre\AppData\Roaming\MiKTeX\tex/latex/beamer\beamerbaseboxes.sty
\bmb@box=\box66
\bmb@colorbox=\box67
\bmb@boxshadow=\box68
\bmb@boxshadowball=\box69
\bmb@boxshadowballlarge=\box70
\bmb@temp=\dimen260
\bmb@dima=\dimen261
\bmb@dimb=\dimen262
\bmb@prevheight=\dimen263
)
\beamer@blockheadheight=\dimen264
)) (C:\Users\afabre\AppData\Roaming\MiKTeX\tex/latex/beamer\beamerbaselocalstructure.sty ("C:\Program Files\MiKTeX\tex/latex/tools\enumerate.sty"
Package: enumerate 2015/07/23 v3.00 enumerate extensions (DPC)
\@enLab=\toks32
)
\c@figure=\count295
\c@table=\count296
\abovecaptionskip=\skip55
\belowcaptionskip=\skip56
) (C:\Users\afabre\AppData\Roaming\MiKTeX\tex/latex/beamer\beamerbasenavigation.sty
\beamer@section@min@dim=\dimen265
) (C:\Users\afabre\AppData\Roaming\MiKTeX\tex/latex/beamer\beamerbasetheorems.sty ("C:\Program Files\MiKTeX\tex/latex/amsmath\amsmath.sty"
Package: amsmath 2020/01/20 v2.17e AMS math features
\@mathmargin=\skip57

For additional information on amsmath, use the `?' option.
("C:\Program Files\MiKTeX\tex/latex/amsmath\amstext.sty"
Package: amstext 2000/06/29 v2.01 AMS text
 ("C:\Program Files\MiKTeX\tex/latex/amsmath\amsgen.sty"
File: amsgen.sty 1999/11/30 v2.0 generic functions
\@emptytoks=\toks33
\ex@=\dimen266
)) ("C:\Program Files\MiKTeX\tex/latex/amsmath\amsbsy.sty"
Package: amsbsy 1999/11/29 v1.2d Bold Symbols
\pmbraise@=\dimen267
) ("C:\Program Files\MiKTeX\tex/latex/amsmath\amsopn.sty"
Package: amsopn 2016/03/08 v2.02 operator names
)
\inf@bad=\count297
LaTeX Info: Redefining \frac on input line 227.
\uproot@=\count298
\leftroot@=\count299
LaTeX Info: Redefining \overline on input line 389.
\classnum@=\count300
\DOTSCASE@=\count301
LaTeX Info: Redefining \ldots on input line 486.
LaTeX Info: Redefining \dots on input line 489.
LaTeX Info: Redefining \cdots on input line 610.
\Mathstrutbox@=\box71
\strutbox@=\box72
\big@size=\dimen268
LaTeX Font Info:    Redeclaring font encoding OML on input line 733.
LaTeX Font Info:    Redeclaring font encoding OMS on input line 734.
\macc@depth=\count302
\c@MaxMatrixCols=\count303
\dotsspace@=\muskip17
\c@parentequation=\count304
\dspbrk@lvl=\count305
\tag@help=\toks34
\row@=\count306
\column@=\count307
\maxfields@=\count308
\andhelp@=\toks35
\eqnshift@=\dimen269
\alignsep@=\dimen270
\tagshift@=\dimen271
\tagwidth@=\dimen272
\totwidth@=\dimen273
\lineht@=\dimen274
\@envbody=\toks36
\multlinegap=\skip58
\multlinetaggap=\skip59
\mathdisplay@stack=\toks37
LaTeX Info: Redefining \[ on input line 2859.
LaTeX Info: Redefining \] on input line 2860.
) (C:\Users\afabre\AppData\Roaming\MiKTeX\tex/latex/amscls\amsthm.sty
Package: amsthm 2020/05/29 v2.20.6
\thm@style=\toks38
\thm@bodyfont=\toks39
\thm@headfont=\toks40
\thm@notefont=\toks41
\thm@headpunct=\toks42
\thm@preskip=\skip60
\thm@postskip=\skip61
\thm@headsep=\skip62
\dth@everypar=\toks43
)
\c@theorem=\count309
) (C:\Users\afabre\AppData\Roaming\MiKTeX\tex/latex/beamer\beamerbasethemes.sty)) (C:\Users\afabre\AppData\Roaming\MiKTeX\tex/latex/beamer\beamerthemedefault.sty (C:\Users\afabre\AppData\Roaming\MiKTeX\tex/latex/beamer\beamerfontthemedefault.sty) (C:\Users\afabre\AppData\Roaming\MiKTeX\tex/latex/beamer\beamercolorthemedefault.sty) (C:\Users\afabre\AppData\Roaming\MiKTeX\tex/latex/beamer\beamerinnerthemedefault.sty
\beamer@dima=\dimen275
\beamer@dimb=\dimen276
) (C:\Users\afabre\AppData\Roaming\MiKTeX\tex/latex/beamer\beamerouterthemedefault.sty))) (C:\Users\afabre\AppData\Roaming\MiKTeX\tex/latex/beamer\beamerthemeBoadilla.sty (C:\Users\afabre\AppData\Roaming\MiKTeX\tex/latex/beamer\beamercolorthemerose.sty) (C:\Users\afabre\AppData\Roaming\MiKTeX\tex/latex/beamer\beamerinnerthemerounded.sty) (C:\Users\afabre\AppData\Roaming\MiKTeX\tex/latex/beamer\beamercolorthemedolphin.sty) (C:\Users\afabre\AppData\Roaming\MiKTeX\tex/latex/beamer\beamerouterthemeinfolines.sty)) ("C:\Program Files\MiKTeX\tex/latex/base\inputenc.sty"
Package: inputenc 2018/08/11 v1.3c Input encoding file
\inpenc@prehook=\toks44
\inpenc@posthook=\toks45
) ("C:\Program Files\MiKTeX\tex/generic/babel\babel.sty"
Package: babel 2020/06/10 3.45 The Babel package
 ("C:\Program Files\MiKTeX\tex/generic/babel\babel.def"
File: babel.def 2020/06/10 3.45 Babel common definitions
\babel@savecnt=\count310
\U@D=\dimen277
\l@babelnohyphens=\language79
 ("C:\Program Files\MiKTeX\tex/generic/babel\txtbabel.def")
\bbl@readstream=\read3
)
LaTeX Info: Redefining \textlatin on input line 674.
\bbl@dirlevel=\count311

*************************************
* Local config file bblopts.cfg used
*
("C:\Program Files\MiKTeX\tex/latex/arabi\bblopts.cfg"
File: bblopts.cfg 2005/09/08 v0.1 add Arabic and Farsi to "declared" options of babel
) ("C:\Program Files\MiKTeX\tex/latex/babel-english\english.ldf"
Language: english 2017/06/06 v3.3r English support from the babel system
Package babel Info: \l@canadian = using hyphenrules for english
(babel)             (\language0) on input line 102.
Package babel Info: \l@australian = using hyphenrules for ukenglish
(babel)             (\language73) on input line 105.
Package babel Info: \l@newzealand = using hyphenrules for ukenglish
(babel)             (\language73) on input line 108.
)) ("C:\Program Files\MiKTeX\tex/latex/base\fontenc.sty"
Package: fontenc 2020/02/11 v2.0o Standard LaTeX package
) (C:\Users\afabre\AppData\Roaming\MiKTeX\tex/latex/changepage\changepage.sty
Package: changepage 2009/10/20 v1.0c check page and change page layout
\c@cp@cntr=\count312
\cp@tempcnt=\count313
) ("C:\Program Files\MiKTeX\tex/latex/ragged2e\ragged2e.sty"
Package: ragged2e 2019/07/28 v2.2 ragged2e Package (MS)
 ("C:\Program Files\MiKTeX\tex/latex/ms\everysel.sty"
Package: everysel 2011/10/28 v1.2 EverySelectfont Package (MS)
)
\CenteringLeftskip=\skip63
\RaggedLeftLeftskip=\skip64
\RaggedRightLeftskip=\skip65
\CenteringRightskip=\skip66
\RaggedLeftRightskip=\skip67
\RaggedRightRightskip=\skip68
\CenteringParfillskip=\skip69
\RaggedLeftParfillskip=\skip70
\RaggedRightParfillskip=\skip71
\JustifyingParfillskip=\skip72
\CenteringParindent=\skip73
\RaggedLeftParindent=\skip74
\RaggedRightParindent=\skip75
\JustifyingParindent=\skip76
) (C:\Users\afabre\AppData\Roaming\MiKTeX\tex/latex/eurosym\eurosym.sty
Package: eurosym 1998/08/06 v1.1 European currency symbol ``Euro''
\@eurobox=\box73
) ("C:\Program Files\MiKTeX\tex/latex/base\textcomp.sty"
Package: textcomp 2020/02/02 v2.0n Standard LaTeX package
) (C:\Users\afabre\AppData\Roaming\MiKTeX\tex/latex/adjustbox\adjustbox.sty
Package: adjustbox 2020/08/19 v1.3 Adjusting TeX boxes (trim, clip, ...)
 ("C:\Program Files\MiKTeX\tex/latex/xkeyval\xkeyval.sty"
Package: xkeyval 2014/12/03 v2.7a package option processing (HA)
 ("C:\Program Files\MiKTeX\tex/generic/xkeyval\xkeyval.tex" ("C:\Program Files\MiKTeX\tex/generic/xkeyval\xkvutils.tex"
\XKV@toks=\toks46
\XKV@tempa@toks=\toks47
)
\XKV@depth=\count314
File: xkeyval.tex 2014/12/03 v2.7a key=value parser (HA)
)) (C:\Users\afabre\AppData\Roaming\MiKTeX\tex/latex/adjustbox\adjcalc.sty
Package: adjcalc 2012/05/16 v1.1 Provides advanced setlength with multiple back-ends (calc, etex, pgfmath)
) (C:\Users\afabre\AppData\Roaming\MiKTeX\tex/latex/adjustbox\trimclip.sty
Package: trimclip 2020/08/19 v1.2 Trim and clip general TeX material
 (C:\Users\afabre\AppData\Roaming\MiKTeX\tex/latex/collectbox\collectbox.sty
Package: collectbox 2012/05/17 v0.4b Collect macro arguments as boxes
\collectedbox=\box74
)
\tc@llx=\dimen278
\tc@lly=\dimen279
\tc@urx=\dimen280
\tc@ury=\dimen281
Package trimclip Info: Using driver 'tc-pdftex.def'.
 (C:\Users\afabre\AppData\Roaming\MiKTeX\tex/latex/adjustbox\tc-pdftex.def
File: tc-pdftex.def 2019/01/04 v2.2 Clipping driver for pdftex
))
\adjbox@Width=\dimen282
\adjbox@Height=\dimen283
\adjbox@Depth=\dimen284
\adjbox@Totalheight=\dimen285
\adjbox@pwidth=\dimen286
\adjbox@pheight=\dimen287
\adjbox@pdepth=\dimen288
\adjbox@ptotalheight=\dimen289
 (C:\Users\afabre\AppData\Roaming\MiKTeX\tex/latex/ifoddpage\ifoddpage.sty
Package: ifoddpage 2016/04/23 v1.1 Conditionals for odd/even page detection
\c@checkoddpage=\count315
LaTeX Info: Redefining \checkoddpage on input line 45.
) (C:\Users\afabre\AppData\Roaming\MiKTeX\tex/latex/varwidth\varwidth.sty
Package: varwidth 2009/03/30 ver 0.92;  Variable-width minipages
\@vwid@box=\box75
\sift@deathcycles=\count316
\@vwid@loff=\dimen290
\@vwid@roff=\dimen291
)) ("C:\Program Files\MiKTeX\tex/latex/appendix\appendix.sty"
Package: appendix 2020/02/08 v1.2c extra appendix facilities
\c@@pps=\count317
\c@@ppsavesec=\count318
\c@@ppsaveapp=\count319
) (C:\Users\afabre\AppData\Roaming\MiKTeX\tex/latex/appendixnumberbeamer\appendixnumberbeamer.sty) (C:\Users\afabre\AppData\Roaming\MiKTeX\tex/latex/caption\subcaption.sty
Package: subcaption 2020/08/23 v1.3g Sub-captions (AR)
 (C:\Users\afabre\AppData\Roaming\MiKTeX\tex/latex/caption\caption.sty
Package: caption 2020/09/02 v3.5a Customizing captions (AR)
 (C:\Users\afabre\AppData\Roaming\MiKTeX\tex/latex/caption\caption3.sty
Package: caption3 2020/08/30 v2.0 caption3 kernel (AR)
\captionmargin=\dimen292
\captionmargin@=\dimen293
\captionwidth=\dimen294
\caption@tempdima=\dimen295
\caption@indent=\dimen296
\caption@parindent=\dimen297
\caption@hangindent=\dimen298
Package caption Info: beamer document class detected.
 (C:\Users\afabre\AppData\Roaming\MiKTeX\tex/latex/caption\caption-beamer.sto
File: caption-beamer.sto 2020/08/22 v2.0 Adaption of the caption package to the beamer document classes (AR)
))
\c@caption@flags=\count320
\c@continuedfloat=\count321
Package caption Info: changepage package is loaded.
\caption@adjustwidth@hsize=\dimen299
\caption@adjustwidth@linewidth=\dimen300
Package caption Info: hyperref package is loaded.
Package caption Info: Hyperref support is turned off
(caption)             because hyperref has stopped early.
)
\c@subfigure=\count322
\c@subtable=\count323
) ("C:\Program Files\MiKTeX\tex/latex/tools\array.sty"
Package: array 2019/08/31 v2.4l Tabular extension package (FMi)
\col@sep=\dimen301
\ar@mcellbox=\box76
\extrarowheight=\dimen302
\NC@list=\toks48
\extratabsurround=\skip77
\backup@length=\skip78
\ar@cellbox=\box77
) (C:\Users\afabre\AppData\Roaming\MiKTeX\tex/latex/multirow\multirow.sty
Package: multirow 2019/05/31 v2.5 Span multiple rows of a table
\multirow@colwidth=\skip79
\multirow@cntb=\count324
\multirow@dima=\skip80
\bigstrutjot=\dimen303
) (C:\Users\afabre\AppData\Roaming\MiKTeX\tex/latex/makecell\makecell.sty
Package: makecell 2009/08/03 V0.1e Managing of Tab Column Heads and Cells
\rotheadsize=\dimen304
\c@nlinenum=\count325
\TeXr@lab=\toks49
) ("C:\Program Files\MiKTeX\tex/latex/lm\lmodern.sty"
Package: lmodern 2009/10/30 v1.6 Latin Modern Fonts
LaTeX Font Info:    Overwriting symbol font `operators' in version `normal'
(Font)                  OT1/cmr/m/n --> OT1/lmr/m/n on input line 22.
LaTeX Font Info:    Overwriting symbol font `letters' in version `normal'
(Font)                  OML/cmm/m/it --> OML/lmm/m/it on input line 23.
LaTeX Font Info:    Overwriting symbol font `symbols' in version `normal'
(Font)                  OMS/cmsy/m/n --> OMS/lmsy/m/n on input line 24.
LaTeX Font Info:    Overwriting symbol font `largesymbols' in version `normal'
(Font)                  OMX/cmex/m/n --> OMX/lmex/m/n on input line 25.
LaTeX Font Info:    Overwriting symbol font `operators' in version `bold'
(Font)                  OT1/cmr/bx/n --> OT1/lmr/bx/n on input line 26.
LaTeX Font Info:    Overwriting symbol font `letters' in version `bold'
(Font)                  OML/cmm/b/it --> OML/lmm/b/it on input line 27.
LaTeX Font Info:    Overwriting symbol font `symbols' in version `bold'
(Font)                  OMS/cmsy/b/n --> OMS/lmsy/b/n on input line 28.
LaTeX Font Info:    Overwriting symbol font `largesymbols' in version `bold'
(Font)                  OMX/cmex/m/n --> OMX/lmex/m/n on input line 29.
LaTeX Font Info:    Overwriting math alphabet `\mathbf' in version `normal'
(Font)                  OT1/cmr/bx/n --> OT1/lmr/bx/n on input line 31.
LaTeX Font Info:    Overwriting math alphabet `\mathsf' in version `normal'
(Font)                  OT1/cmss/m/n --> OT1/lmss/m/n on input line 32.
LaTeX Font Info:    Overwriting math alphabet `\mathit' in version `normal'
(Font)                  OT1/cmr/m/it --> OT1/lmr/m/it on input line 33.
LaTeX Font Info:    Overwriting math alphabet `\mathtt' in version `normal'
(Font)                  OT1/cmtt/m/n --> OT1/lmtt/m/n on input line 34.
LaTeX Font Info:    Overwriting math alphabet `\mathbf' in version `bold'
(Font)                  OT1/cmr/bx/n --> OT1/lmr/bx/n on input line 35.
LaTeX Font Info:    Overwriting math alphabet `\mathsf' in version `bold'
(Font)                  OT1/cmss/bx/n --> OT1/lmss/bx/n on input line 36.
LaTeX Font Info:    Overwriting math alphabet `\mathit' in version `bold'
(Font)                  OT1/cmr/bx/it --> OT1/lmr/bx/it on input line 37.
LaTeX Font Info:    Overwriting math alphabet `\mathtt' in version `bold'
(Font)                  OT1/cmtt/m/n --> OT1/lmtt/m/n on input line 38.
) (C:\Users\afabre\AppData\Roaming\MiKTeX\tex/latex/beamer\beamerfontthemeserif.sty)

Package hyperref Warning: Token not allowed in a PDF string (PDFDocEncoding):
(hyperref)                removing `\\' on input line 57.


Package hyperref Warning: Token not allowed in a PDF string (PDFDocEncoding):
(hyperref)                removing `math shift' on input line 57.


Package hyperref Warning: Token not allowed in a PDF string (PDFDocEncoding):
(hyperref)                \hskip 9.24774pt
(hyperref)                replaced by space on input line 57.


Package hyperref Warning: Token not allowed in a PDF string (PDFDocEncoding):
(hyperref)                removing `math shift' on input line 57.


Package hyperref Warning: Token not allowed in a PDF string (PDFDocEncoding):
(hyperref)                removing `\\' on input line 57.


Package hyperref Warning: Token not allowed in a PDF string (PDFDocEncoding):
(hyperref)                removing `\\' on input line 57.


Package hyperref Warning: Token not allowed in a PDF string (PDFDocEncoding):
(hyperref)                removing `math shift' on input line 57.


Package hyperref Warning: Token not allowed in a PDF string (PDFDocEncoding):
(hyperref)                \hskip 9.24774pt
(hyperref)                replaced by space on input line 57.


Package hyperref Warning: Token not allowed in a PDF string (PDFDocEncoding):
(hyperref)                removing `math shift' on input line 57.


Package hyperref Warning: Token not allowed in a PDF string (PDFDocEncoding):
(hyperref)                removing `\\' on input line 57.


Package hyperref Warning: Token not allowed in a PDF string (PDFDocEncoding):
(hyperref)                \hskip 9.24774pt
(hyperref)                replaced by space on input line 57.

("C:\Program Files\MiKTeX\tex/latex/l3backend\l3backend-pdfmode.def"
File: l3backend-pdfmode.def 2020-06-29 L3 backend support: PDF mode
\l__kernel_color_stack_int=\count326
\l__pdf_internal_box=\box78
) ("c:\Users\afabre\Documents\www\beliefs_climate_policies\Presentation 20'\build\main.aux"

LaTeX Warning: Label `main_reform' multiply defined.


LaTeX Warning: Label `fig:winners_losers' multiply defined.


LaTeX Warning: Label `tab:reg_housing' multiply defined.


LaTeX Warning: Label `prediction_precision' multiply defined.


LaTeX Warning: Label `first_stage_si' multiply defined.


LaTeX Warning: Label `first_stage_private_benefits' multiply defined.


LaTeX Warning: Label `first_stage_ee' multiply defined.


LaTeX Warning: Label `first_stage_environmental_effectiveness' multiply defined.


LaTeX Warning: Label `progreg_target' multiply defined.


LaTeX Warning: Label `tab:prog' multiply defined.


LaTeX Warning: Label `elast_target' multiply defined.


LaTeX Warning: Label `table:elasticities_effectiveness' multiply defined.


LaTeX Warning: Label `table:confidence_intervals_beliefs_feedback' multiply defined.

)
\openout1 = `main.aux'.

LaTeX Font Info:    Checking defaults for OML/cmm/m/it on input line 61.
LaTeX Font Info:    ... okay on input line 61.
LaTeX Font Info:    Checking defaults for OMS/cmsy/m/n on input line 61.
LaTeX Font Info:    ... okay on input line 61.
LaTeX Font Info:    Checking defaults for OT1/cmr/m/n on input line 61.
LaTeX Font Info:    ... okay on input line 61.
LaTeX Font Info:    Checking defaults for T1/cmr/m/n on input line 61.
LaTeX Font Info:    ... okay on input line 61.
LaTeX Font Info:    Checking defaults for TS1/cmr/m/n on input line 61.
LaTeX Font Info:    ... okay on input line 61.
LaTeX Font Info:    Checking defaults for OMX/cmex/m/n on input line 61.
LaTeX Font Info:    ... okay on input line 61.
LaTeX Font Info:    Checking defaults for U/cmr/m/n on input line 61.
LaTeX Font Info:    ... okay on input line 61.
LaTeX Font Info:    Checking defaults for PD1/pdf/m/n on input line 61.
LaTeX Font Info:    ... okay on input line 61.
LaTeX Font Info:    Trying to load font information for T1+lmss on input line 61.
 ("C:\Program Files\MiKTeX\tex/latex/lm\t1lmss.fd"
File: t1lmss.fd 2009/10/30 v1.6 Font defs for Latin Modern
)
*geometry* driver: auto-detecting
*geometry* detected driver: pdftex
*geometry* verbose mode - [ preamble ] result:
* driver: pdftex
* paper: custom
* layout: <same size as paper>
* layoutoffset:(h,v)=(0.0pt,0.0pt)
* modes: includehead includefoot 
* h-part:(L,W,R)=(28.45274pt, 398.3386pt, 28.45274pt)
* v-part:(T,H,B)=(0.0pt, 256.0748pt, 0.0pt)
* \paperwidth=455.24408pt
* \paperheight=256.0748pt
* \textwidth=398.3386pt
* \textheight=227.62207pt
* \oddsidemargin=-43.81725pt
* \evensidemargin=-43.81725pt
* \topmargin=-72.26999pt
* \headheight=14.22636pt
* \headsep=0.0pt
* \topskip=9.0pt
* \footskip=14.22636pt
* \marginparwidth=4.0pt
* \marginparsep=10.0pt
* \columnsep=10.0pt
* \skip\footins=8.0pt plus 4.0pt minus 2.0pt
* \hoffset=0.0pt
* \voffset=0.0pt
* \mag=1000
* \@twocolumnfalse
* \@twosidefalse
* \@mparswitchfalse
* \@reversemarginfalse
* (1in=72.27pt=25.4mm, 1cm=28.453pt)

("C:\Program Files\MiKTeX\tex/context/base/mkii\supp-pdf.mkii"
[Loading MPS to PDF converter (version 2006.09.02).]
\scratchcounter=\count327
\scratchdimen=\dimen305
\scratchbox=\box79
\nofMPsegments=\count328
\nofMParguments=\count329
\everyMPshowfont=\toks50
\MPscratchCnt=\count330
\MPscratchDim=\dimen306
\MPnumerator=\count331
\makeMPintoPDFobject=\count332
\everyMPtoPDFconversion=\toks51
) ("C:\Program Files\MiKTeX\tex/latex/epstopdf-pkg\epstopdf-base.sty"
Package: epstopdf-base 2020-01-24 v2.11 Base part for package epstopdf
Package epstopdf-base Info: Redefining graphics rule for `.eps' on input line 485.
) ABD: EveryShipout initializing macros
\AtBeginShipoutBox=\box80
Package hyperref Info: Link coloring OFF on input line 61.
 ("C:\Program Files\MiKTeX\tex/latex/hyperref\nameref.sty"
Package: nameref 2019/09/16 v2.46 Cross-referencing by name of section
 (C:\Users\afabre\AppData\Roaming\MiKTeX\tex/latex/refcount\refcount.sty
Package: refcount 2019/12/15 v3.6 Data extraction from label references (HO)
) (C:\Users\afabre\AppData\Roaming\MiKTeX\tex/generic/gettitlestring\gettitlestring.sty
Package: gettitlestring 2019/12/15 v1.6 Cleanup title references (HO)
)
\c@section@level=\count333
)
LaTeX Info: Redefining \ref on input line 61.
LaTeX Info: Redefining \pageref on input line 61.
LaTeX Info: Redefining \nameref on input line 61.
 ("c:\Users\afabre\Documents\www\beliefs_climate_policies\Presentation 20'\build\main.out") ("c:\Users\afabre\Documents\www\beliefs_climate_policies\Presentation 20'\build\main.out")
\@outlinefile=\write5
\openout5 = `main.out'.

 (C:\Users\afabre\AppData\Roaming\MiKTeX\tex/latex/translator\translator-basic-dictionary-English.dict
Dictionary: translator-basic-dictionary, Language: English 
) (C:\Users\afabre\AppData\Roaming\MiKTeX\tex/latex/translator\translator-bibliography-dictionary-English.dict
Dictionary: translator-bibliography-dictionary, Language: English 
) (C:\Users\afabre\AppData\Roaming\MiKTeX\tex/latex/translator\translator-environment-dictionary-English.dict
Dictionary: translator-environment-dictionary, Language: English 
) (C:\Users\afabre\AppData\Roaming\MiKTeX\tex/latex/translator\translator-months-dictionary-English.dict
Dictionary: translator-months-dictionary, Language: English 
) (C:\Users\afabre\AppData\Roaming\MiKTeX\tex/latex/translator\translator-numbers-dictionary-English.dict
Dictionary: translator-numbers-dictionary, Language: English 
) (C:\Users\afabre\AppData\Roaming\MiKTeX\tex/latex/translator\translator-theorem-dictionary-English.dict
Dictionary: translator-theorem-dictionary, Language: English 
) ABD: EverySelectfont initializing macros
LaTeX Info: Redefining \selectfont on input line 61.
Package caption Info: Begin \AtBeginDocument code.
Package caption Info: End \AtBeginDocument code.
 ("c:\Users\afabre\Documents\www\beliefs_climate_policies\Presentation 20'\build\main.nav")
LaTeX Font Info:    Trying to load font information for OT1+lmr on input line 68.
 ("C:\Program Files\MiKTeX\tex/latex/lm\ot1lmr.fd"
File: ot1lmr.fd 2009/10/30 v1.6 Font defs for Latin Modern
)
LaTeX Font Info:    Trying to load font information for OML+lmm on input line 68.
 ("C:\Program Files\MiKTeX\tex/latex/lm\omllmm.fd"
File: omllmm.fd 2009/10/30 v1.6 Font defs for Latin Modern
)
LaTeX Font Info:    Trying to load font information for OMS+lmsy on input line 68.
 ("C:\Program Files\MiKTeX\tex/latex/lm\omslmsy.fd"
File: omslmsy.fd 2009/10/30 v1.6 Font defs for Latin Modern
)
LaTeX Font Info:    Trying to load font information for OMX+lmex on input line 68.
 ("C:\Program Files\MiKTeX\tex/latex/lm\omxlmex.fd"
File: omxlmex.fd 2009/10/30 v1.6 Font defs for Latin Modern
)
LaTeX Font Info:    External font `lmex10' loaded for size
(Font)              <9> on input line 68.
LaTeX Font Info:    External font `lmex10' loaded for size
(Font)              <6> on input line 68.
LaTeX Font Info:    External font `lmex10' loaded for size
(Font)              <5> on input line 68.
LaTeX Font Info:    Trying to load font information for U+msa on input line 68.
 ("C:\Program Files\MiKTeX\tex/latex/amsfonts\umsa.fd"
File: umsa.fd 2013/01/14 v3.01 AMS symbols A
)
LaTeX Font Info:    Trying to load font information for U+msb on input line 68.
 ("C:\Program Files\MiKTeX\tex/latex/amsfonts\umsb.fd"
File: umsb.fd 2013/01/14 v3.01 AMS symbols B
)
LaTeX Font Info:    External font `lmex10' loaded for size
(Font)              <10> on input line 68.
LaTeX Font Info:    External font `lmex10' loaded for size
(Font)              <7> on input line 68.
LaTeX Font Info:    Font shape `T1/lmss/m/it' in size <10> not available
(Font)              Font shape `T1/lmss/m/sl' tried instead on input line 68.
LaTeX Font Info:    Font shape `T1/lmss/bx/it' in size <10> not available
(Font)              Font shape `T1/lmss/bx/sl' tried instead on input line 68.
 [1

{C:/Users/afabre/AppData/Local/MiKTeX/pdftex/config/pdftex.map}]
<Images/GJ.jpg, id=64, 659.46375pt x 440.64626pt>
File: Images/GJ.jpg Graphic file (type jpg)
<use Images/GJ.jpg>
Package pdftex.def Info: Images/GJ.jpg  used on input line 90.
(pdftex.def)             Requested size: 294.77274pt x 196.97113pt.

Overfull \vbox (1.13338pt too high) detected at line 90
 []

[2

 <./Images/GJ.jpg>]
LaTeX Font Info:    Font shape `T1/lmss/m/it' in size <8> not available
(Font)              Font shape `T1/lmss/m/sl' tried instead on input line 147.
LaTeX Font Info:    Font shape `T1/lmss/m/it' in size <9> not available
(Font)              Font shape `T1/lmss/m/sl' tried instead on input line 147.
 [3

] [4

] [5

] [6

] [7

] [8

] [9

] [10

] [11

] [12

] [13

] [14

] [15

] [16

] [17

] [18

] ("c:\Users\afabre\Documents\www\beliefs_climate_policies\Presentation 20'\build\main.toc") [19

] ("c:\Users\afabre\Documents\www\beliefs_climate_policies\Presentation 20'\build\main.toc") [20

]
LaTeX Font Info:    External font `lmex10' loaded for size
(Font)              <8> on input line 283.
LaTeX Font Info:    Font shape `T1/lmss/m/it' in size <10.95> not available
(Font)              Font shape `T1/lmss/m/sl' tried instead on input line 283.
 [21

] [22

] [23

]
<Images/pdf_carbon_tax.png, id=228, 457.71pt x 344.78813pt>
File: Images/pdf_carbon_tax.png Graphic file (type png)
<use Images/pdf_carbon_tax.png>
Package pdftex.def Info: Images/pdf_carbon_tax.png  used on input line 323.
(pdftex.def)             Requested size: 159.333pt x 120.02527pt.
 [24

 <./Images/pdf_carbon_tax.png>] [25

] [26

] [27

]
<Images/progressivity_relative.png, id=266, 241.50224pt x 172.84575pt>
File: Images/progressivity_relative.png Graphic file (type png)
<use Images/progressivity_relative.png>
Package pdftex.def Info: Images/progressivity_relative.png  used on input line 498.
(pdftex.def)             Requested size: 199.1693pt x 142.54674pt.
 [28

 <./Images/progressivity_relative.png>] ("c:\Users\afabre\Documents\www\beliefs_climate_policies\Presentation 20'\build\main.toc") [29

]pdfTeX warning (ext4): destination with the same identifier (name{main_reform}) has been already used, duplicate ignored
<to be read again> 
                   \relax 
l.509     \end{frame}
                      [30

] [31

] [32

]
LaTeX Font Info:    Trying to load font information for T1+lmr on input line 677.
 ("C:\Program Files\MiKTeX\tex/latex/lm\t1lmr.fd"
File: t1lmr.fd 2009/10/30 v1.6 Font defs for Latin Modern
)

LaTeX Font Warning: Font shape `T1/lmss/m/sc' in size <5> not available
(Font)              Font shape `T1/lmr/m/sc' tried instead on input line 677.

LaTeX Font Info:    Font shape `T1/lmss/m/it' in size <5> not available
(Font)              Font shape `T1/lmss/m/sl' tried instead on input line 677.

Overfull \vbox (17.68709pt too high) detected at line 677
 []

[33

]
LaTeX Font Info:    Font shape `T1/lmss/m/it' in size <6> not available
(Font)              Font shape `T1/lmss/m/sl' tried instead on input line 718.
 [34

] [35

] [36

] ("c:\Users\afabre\Documents\www\beliefs_climate_policies\Presentation 20'\build\main.toc") [37

] [38

]
<Images/RDD_Acceptance_flat_1.png, id=380, 526.96875pt x 401.24907pt>
File: Images/RDD_Acceptance_flat_1.png Graphic file (type png)
<use Images/RDD_Acceptance_flat_1.png>
Package pdftex.def Info: Images/RDD_Acceptance_flat_1.png  used on input line 812.
(pdftex.def)             Requested size: 278.83578pt x 212.32425pt.
<Images/RDD_Acceptance_flat_2.png, id=381, 526.96875pt x 401.24907pt>
File: Images/RDD_Acceptance_flat_2.png Graphic file (type png)
<use Images/RDD_Acceptance_flat_2.png>
Package pdftex.def Info: Images/RDD_Acceptance_flat_2.png  used on input line 812.
(pdftex.def)             Requested size: 278.83578pt x 212.32425pt.
<Images/RDD_Acceptance_flat_3.png, id=382, 526.96875pt x 401.24907pt>
File: Images/RDD_Acceptance_flat_3.png Graphic file (type png)
<use Images/RDD_Acceptance_flat_3.png>
Package pdftex.def Info: Images/RDD_Acceptance_flat_3.png  used on input line 812.
(pdftex.def)             Requested size: 278.83578pt x 212.32425pt.
<Images/RDD_Acceptance_flat.png, id=383, 526.96875pt x 401.24907pt>
File: Images/RDD_Acceptance_flat.png Graphic file (type png)
<use Images/RDD_Acceptance_flat.png>
Package pdftex.def Info: Images/RDD_Acceptance_flat.png  used on input line 812.
(pdftex.def)             Requested size: 278.83578pt x 212.32425pt.
<Images/RDD_Acceptance_flat_90CI.png, id=384, 526.96875pt x 401.24907pt>
File: Images/RDD_Acceptance_flat_90CI.png Graphic file (type png)
<use Images/RDD_Acceptance_flat_90CI.png>
Package pdftex.def Info: Images/RDD_Acceptance_flat_90CI.png  used on input line 812.
(pdftex.def)             Requested size: 278.83578pt x 212.32425pt.
 [39

 <./Images/RDD_Acceptance_flat_1.png>]
File: Images/RDD_Acceptance_flat_1.png Graphic file (type png)
<use Images/RDD_Acceptance_flat_1.png>
Package pdftex.def Info: Images/RDD_Acceptance_flat_1.png  used on input line 812.
(pdftex.def)             Requested size: 278.83578pt x 212.32425pt.
File: Images/RDD_Acceptance_flat_2.png Graphic file (type png)
<use Images/RDD_Acceptance_flat_2.png>
Package pdftex.def Info: Images/RDD_Acceptance_flat_2.png  used on input line 812.
(pdftex.def)             Requested size: 278.83578pt x 212.32425pt.
File: Images/RDD_Acceptance_flat_3.png Graphic file (type png)
<use Images/RDD_Acceptance_flat_3.png>
Package pdftex.def Info: Images/RDD_Acceptance_flat_3.png  used on input line 812.
(pdftex.def)             Requested size: 278.83578pt x 212.32425pt.
File: Images/RDD_Acceptance_flat.png Graphic file (type png)
<use Images/RDD_Acceptance_flat.png>
Package pdftex.def Info: Images/RDD_Acceptance_flat.png  used on input line 812.
(pdftex.def)             Requested size: 278.83578pt x 212.32425pt.
File: Images/RDD_Acceptance_flat_90CI.png Graphic file (type png)
<use Images/RDD_Acceptance_flat_90CI.png>
Package pdftex.def Info: Images/RDD_Acceptance_flat_90CI.png  used on input line 812.
(pdftex.def)             Requested size: 278.83578pt x 212.32425pt.
 [40

 <./Images/RDD_Acceptance_flat_2.png>]
File: Images/RDD_Acceptance_flat_1.png Graphic file (type png)
<use Images/RDD_Acceptance_flat_1.png>
Package pdftex.def Info: Images/RDD_Acceptance_flat_1.png  used on input line 812.
(pdftex.def)             Requested size: 278.83578pt x 212.32425pt.
File: Images/RDD_Acceptance_flat_2.png Graphic file (type png)
<use Images/RDD_Acceptance_flat_2.png>
Package pdftex.def Info: Images/RDD_Acceptance_flat_2.png  used on input line 812.
(pdftex.def)             Requested size: 278.83578pt x 212.32425pt.
File: Images/RDD_Acceptance_flat_3.png Graphic file (type png)
<use Images/RDD_Acceptance_flat_3.png>
Package pdftex.def Info: Images/RDD_Acceptance_flat_3.png  used on input line 812.
(pdftex.def)             Requested size: 278.83578pt x 212.32425pt.
File: Images/RDD_Acceptance_flat.png Graphic file (type png)
<use Images/RDD_Acceptance_flat.png>
Package pdftex.def Info: Images/RDD_Acceptance_flat.png  used on input line 812.
(pdftex.def)             Requested size: 278.83578pt x 212.32425pt.
File: Images/RDD_Acceptance_flat_90CI.png Graphic file (type png)
<use Images/RDD_Acceptance_flat_90CI.png>
Package pdftex.def Info: Images/RDD_Acceptance_flat_90CI.png  used on input line 812.
(pdftex.def)             Requested size: 278.83578pt x 212.32425pt.
 [41

 <./Images/RDD_Acceptance_flat_3.png>]
File: Images/RDD_Acceptance_flat_1.png Graphic file (type png)
<use Images/RDD_Acceptance_flat_1.png>
Package pdftex.def Info: Images/RDD_Acceptance_flat_1.png  used on input line 812.
(pdftex.def)             Requested size: 278.83578pt x 212.32425pt.
File: Images/RDD_Acceptance_flat_2.png Graphic file (type png)
<use Images/RDD_Acceptance_flat_2.png>
Package pdftex.def Info: Images/RDD_Acceptance_flat_2.png  used on input line 812.
(pdftex.def)             Requested size: 278.83578pt x 212.32425pt.
File: Images/RDD_Acceptance_flat_3.png Graphic file (type png)
<use Images/RDD_Acceptance_flat_3.png>
Package pdftex.def Info: Images/RDD_Acceptance_flat_3.png  used on input line 812.
(pdftex.def)             Requested size: 278.83578pt x 212.32425pt.
File: Images/RDD_Acceptance_flat.png Graphic file (type png)
<use Images/RDD_Acceptance_flat.png>
Package pdftex.def Info: Images/RDD_Acceptance_flat.png  used on input line 812.
(pdftex.def)             Requested size: 278.83578pt x 212.32425pt.
File: Images/RDD_Acceptance_flat_90CI.png Graphic file (type png)
<use Images/RDD_Acceptance_flat_90CI.png>
Package pdftex.def Info: Images/RDD_Acceptance_flat_90CI.png  used on input line 812.
(pdftex.def)             Requested size: 278.83578pt x 212.32425pt.
 [42

 <./Images/RDD_Acceptance_flat.png>]
File: Images/RDD_Acceptance_flat_1.png Graphic file (type png)
<use Images/RDD_Acceptance_flat_1.png>
Package pdftex.def Info: Images/RDD_Acceptance_flat_1.png  used on input line 812.
(pdftex.def)             Requested size: 278.83578pt x 212.32425pt.
File: Images/RDD_Acceptance_flat_2.png Graphic file (type png)
<use Images/RDD_Acceptance_flat_2.png>
Package pdftex.def Info: Images/RDD_Acceptance_flat_2.png  used on input line 812.
(pdftex.def)             Requested size: 278.83578pt x 212.32425pt.
File: Images/RDD_Acceptance_flat_3.png Graphic file (type png)
<use Images/RDD_Acceptance_flat_3.png>
Package pdftex.def Info: Images/RDD_Acceptance_flat_3.png  used on input line 812.
(pdftex.def)             Requested size: 278.83578pt x 212.32425pt.
File: Images/RDD_Acceptance_flat.png Graphic file (type png)
<use Images/RDD_Acceptance_flat.png>
Package pdftex.def Info: Images/RDD_Acceptance_flat.png  used on input line 812.
(pdftex.def)             Requested size: 278.83578pt x 212.32425pt.
File: Images/RDD_Acceptance_flat_90CI.png Graphic file (type png)
<use Images/RDD_Acceptance_flat_90CI.png>
Package pdftex.def Info: Images/RDD_Acceptance_flat_90CI.png  used on input line 812.
(pdftex.def)             Requested size: 278.83578pt x 212.32425pt.
 [43

 <./Images/RDD_Acceptance_flat_90CI.png>]
LaTeX Font Info:    Font shape `T1/lmss/m/it' in size <7> not available
(Font)              Font shape `T1/lmss/m/sl' tried instead on input line 880.


LaTeX Font Warning: Font shape `T1/lmss/m/sc' in size <7> not available
(Font)              Font shape `T1/lmr/m/sc' tried instead on input line 880.

[44

] [45

]
Overfull \vbox (12.51753pt too high) detected at line 1043
 []

[46

] ("c:\Users\afabre\Documents\www\beliefs_climate_policies\Presentation 20'\build\main.toc") [47

] [48

] [49

] [50

] [51

] [52

] ("c:\Users\afabre\Documents\www\beliefs_climate_policies\Presentation 20'\build\main.toc") [53

]
<Images/tax_winners.png, id=515, 581.17125pt x 357.58594pt>
File: Images/tax_winners.png Graphic file (type png)
<use Images/tax_winners.png>
Package pdftex.def Info: Images/tax_winners.png  used on input line 1258.
(pdftex.def)             Requested size: 199.1693pt x 122.54337pt.
<Images/tax_losers.png, id=516, 581.17125pt x 357.58594pt>
File: Images/tax_losers.png Graphic file (type png)
<use Images/tax_losers.png>
Package pdftex.def Info: Images/tax_losers.png  used on input line 1258.
(pdftex.def)             Requested size: 199.1693pt x 122.54337pt.
 [54

 <./Images/tax_winners.png (PNG copy)> <./Images/tax_losers.png (PNG copy)>] [55

]
<Images/proba_correct_prediction.png, id=538, 527.72156pt x 238.64156pt>
File: Images/proba_correct_prediction.png Graphic file (type png)
<use Images/proba_correct_prediction.png>
Package pdftex.def Info: Images/proba_correct_prediction.png  used on input line 1304.
(pdftex.def)             Requested size: 398.3386pt x 180.1314pt.
 [56

 <./Images/proba_correct_prediction.png (PNG copy)>] [57

] [58

]
<Images/environmental_policies.png, id=566, 475.02469pt x 247.67531pt>
File: Images/environmental_policies.png Graphic file (type png)
<use Images/environmental_policies.png>
Package pdftex.def Info: Images/environmental_policies.png  used on input line 1389.
(pdftex.def)             Requested size: 285.017pt x 148.60632pt.
 [59

 <./Images/environmental_policies.png>]
<Images/tax_condition_val.png, id=579, 557.83406pt x 307.90031pt>
File: Images/tax_condition_val.png Graphic file (type png)
<use Images/tax_condition_val.png>
Package pdftex.def Info: Images/tax_condition_val.png  used on input line 1396.
(pdftex.def)             Requested size: 278.91634pt x 153.94977pt.
 [60

 <./Images/tax_condition_val.png>] [61

]
Overfull \vbox (18.52798pt too high) detected at line 1486
 []

[62

] [63

] [64

] ("c:\Users\afabre\Documents\www\beliefs_climate_policies\Presentation 20'\build\main.toc") [65

]
<Images/CC_cause_nolegend.png, id=638, 526.96875pt x 69.25874pt>
File: Images/CC_cause_nolegend.png Graphic file (type png)
<use Images/CC_cause_nolegend.png>
Package pdftex.def Info: Images/CC_cause_nolegend.png  used on input line 1582.
(pdftex.def)             Requested size: 263.48372pt x 34.62927pt.
<Images/CC_effects_nolegend.png, id=639, 505.89pt x 67.75313pt>
File: Images/CC_effects_nolegend.png Graphic file (type png)
<use Images/CC_effects_nolegend.png>
Package pdftex.def Info: Images/CC_effects_nolegend.png  used on input line 1582.
(pdftex.def)             Requested size: 268.1204pt x 35.90897pt.
<Images/CC_target_emission_nolegend.png, id=640, 545.03625pt x 94.85437pt>
File: Images/CC_target_emission_nolegend.png Graphic file (type png)
<use Images/CC_target_emission_nolegend.png>
Package pdftex.def Info: Images/CC_target_emission_nolegend.png  used on input line 1582.
(pdftex.def)             Requested size: 272.51746pt x 47.42706pt.
LaTeX Font Info:    Trying to load font information for TS1+lmss on input line 1582.
 ("C:\Program Files\MiKTeX\tex/latex/lm\ts1lmss.fd"
File: ts1lmss.fd 2009/10/30 v1.6 Font defs for Latin Modern
) [66

 <./Images/CC_cause_nolegend.png> <./Images/CC_effects_nolegend.png (PNG copy)> <./Images/CC_target_emission_nolegend.png>]
File: Images/environmental_policies.png Graphic file (type png)
<use Images/environmental_policies.png>
Package pdftex.def Info: Images/environmental_policies.png  used on input line 1592.
(pdftex.def)             Requested size: 285.017pt x 148.60632pt.
 [67

]
File: Images/tax_condition_val.png Graphic file (type png)
<use Images/tax_condition_val.png>
Package pdftex.def Info: Images/tax_condition_val.png  used on input line 1602.
(pdftex.def)             Requested size: 278.91634pt x 153.94977pt.
 [68

]
<Images/correlation_matrix2.jpeg, id=670, 332.74312pt x 300.3722pt>
File: Images/correlation_matrix2.jpeg Graphic file (type jpg)
<use Images/correlation_matrix2.jpeg>
Package pdftex.def Info: Images/correlation_matrix2.jpeg  used on input line 1611.
(pdftex.def)             Requested size: 239.00558pt x 215.75447pt.

Overfull \vbox (0.90176pt too high) detected at line 1611
 []

[69

 <./Images/correlation_matrix2.jpeg>]
<Images/CC_responsiblec.png, id=678, 334.24875pt x 171.64125pt>
File: Images/CC_responsiblec.png Graphic file (type png)
<use Images/CC_responsiblec.png>
Package pdftex.def Info: Images/CC_responsiblec.png  used on input line 1627.
(pdftex.def)             Requested size: 199.1693pt x 102.27838pt.
 [70

 <./Images/CC_responsiblec.png>]
<Images/tax_winners_synchro.png, id=687, 462.97969pt x 242.40562pt>
File: Images/tax_winners_synchro.png Graphic file (type png)
<use Images/tax_winners_synchro.png>
Package pdftex.def Info: Images/tax_winners_synchro.png  used on input line 1667.
(pdftex.def)             Requested size: 159.33604pt x 83.42288pt.
<Images/tax_losers_synchro.png, id=688, 462.97969pt x 241.65282pt>
File: Images/tax_losers_synchro.png Graphic file (type png)
<use Images/tax_losers_synchro.png>
Package pdftex.def Info: Images/tax_losers_synchro.png  used on input line 1667.
(pdftex.def)             Requested size: 159.33604pt x 83.16382pt.
<Images/CC_benefits_synchro.png, id=689, 462.97969pt x 242.40562pt>
File: Images/CC_benefits_synchro.png Graphic file (type png)
<use Images/CC_benefits_synchro.png>
Package pdftex.def Info: Images/CC_benefits_synchro.png  used on input line 1667.
(pdftex.def)             Requested size: 159.33604pt x 83.42288pt.
<Images/CC_problems_synchro.png, id=690, 462.97969pt x 246.9225pt>
File: Images/CC_problems_synchro.png Graphic file (type png)
<use Images/CC_problems_synchro.png>
Package pdftex.def Info: Images/CC_problems_synchro.png  used on input line 1667.
(pdftex.def)             Requested size: 159.33604pt x 84.97734pt.
 [71

pdfTeX warning (ext4): destination with the same identifier (name{fig:winners_losers}) has been already used, duplicate ignored

\@EveryShipout@Output ...@Org@Shipout \box \@cclv 
                                                  
l.1667     \end{frame}
                       <./Images/tax_winners_synchro.png> <./Images/tax_losers_synchro.png> <./Images/CC_benefits_synchro.png> <./Images/CC_problems_synchro.png>] [72

] [73

]
<Images/WTP_Both.png, id=722, 450.18187pt x 279.29344pt>
File: Images/WTP_Both.png Graphic file (type png)
<use Images/WTP_Both.png>
Package pdftex.def Info: Images/WTP_Both.png  used on input line 1768.
(pdftex.def)             Requested size: 239.00558pt x 148.28052pt.
 [74

 <./Images/WTP_Both.png (PNG copy)>] ("c:\Users\afabre\Documents\www\beliefs_climate_policies\Presentation 20'\build\main.toc") [75

] [76

] [77

]
Overfull \vbox (8.72011pt too high) detected at line 1886
 []

[78

]
Overfull \vbox (23.24689pt too high) detected at line 1935
 []

[79

]
<Images/diagram_survey.png, id=779, 710.655pt x 355.3275pt>
File: Images/diagram_survey.png Graphic file (type png)
<use Images/diagram_survey.png>
Package pdftex.def Info: Images/diagram_survey.png  used on input line 2110.
(pdftex.def)             Requested size: 305.57568pt x 152.78783pt.
 [80

 <./Images/diagram_survey.png (PNG copy)>]pdfTeX warning (ext4): destination with the same identifier (name{tab:reg_housing}) has been already used, duplicate ignored
<to be read again> 
                   \relax 
l.2148 \end{frame}
                   [81

]pdfTeX warning (ext4): destination with the same identifier (name{prediction_precision}) has been already used, duplicate ignored
<to be read again> 
                   \relax 
l.2158 \end{frame}
                  
File: Images/proba_correct_prediction.png Graphic file (type png)
<use Images/proba_correct_prediction.png>
Package pdftex.def Info: Images/proba_correct_prediction.png  used on input line 2158.
(pdftex.def)             Requested size: 398.3386pt x 180.1314pt.
 [82

]
<Images/cdf_carbon_tax_all.png, id=808, 580.41844pt x 402.75468pt>
File: Images/cdf_carbon_tax_all.png Graphic file (type png)
<use Images/cdf_carbon_tax_all.png>
Package pdftex.def Info: Images/cdf_carbon_tax_all.png  used on input line 2204.
(pdftex.def)             Requested size: 159.333pt x 110.55814pt.
 [83

 <./Images/cdf_carbon_tax_all.png (PNG copy)>] [84

]pdfTeX warning (ext4): destination with the same identifier (name{first_stage_si}) has been already used, duplicate ignored
<to be read again> 
                   \relax 
l.2322     \end{frame}
                      pdfTeX warning (ext4): destination with the same identifier (name{first_stage_private_benefits}) has been already used, duplicate ignored
<to be read again> 
                   \relax 
l.2322     \end{frame}
                       [85

]pdfTeX warning (ext4): destination with the same identifier (name{first_stage_ee}) has been already used, duplicate ignored
<to be read again> 
                   \relax 
l.2356     \end{frame}
                      pdfTeX warning (ext4): destination with the same identifier (name{first_stage_environmental_effectiveness}) has been already used, duplicate ignored
<to be read again> 
                   \relax 
l.2356     \end{frame}
                       [86

]
Overfull \vbox (24.5572pt too high) detected at line 2413
 []

[87

]pdfTeX warning (ext4): destination with the same identifier (name{progreg_target}) has been already used, duplicate ignored
<to be read again> 
                   \relax 
l.2456 \end{frame}
                  pdfTeX warning (ext4): destination with the same identifier (name{tab:prog}) has been already used, duplicate ignored
<to be read again> 
                   \relax 
l.2456 \end{frame}
                   [88

]pdfTeX warning (ext4): destination with the same identifier (name{elast_target}) has been already used, duplicate ignored
<to be read again> 
                   \relax 
l.2495 \end{frame}
                  pdfTeX warning (ext4): destination with the same identifier (name{table:elasticities_effectiveness}) has been already used, duplicate ignored
<to be read again> 
                   \relax 
l.2495 \end{frame}
                   [89

]pdfTeX warning (ext4): destination with the same identifier (name{table:confidence_intervals_beliefs_feedback}) has been already used, duplicate ignored
<to be read again> 
                   \relax 
l.2533     \end{frame}
                       [90

]
\tf@nav=\write6
\openout6 = `main.nav'.

\tf@toc=\write7
\openout7 = `main.toc'.

\tf@snm=\write8
\openout8 = `main.snm'.

Package atveryend Info: Empty hook `BeforeClearDocument' on input line 2536.
Package atveryend Info: Empty hook `AfterLastShipout' on input line 2536.
 ("c:\Users\afabre\Documents\www\beliefs_climate_policies\Presentation 20'\build\main.aux")
Package atveryend Info: Executing hook `AtVeryEndDocument' on input line 2536.
Package atveryend Info: Executing hook `AtEndAfterFileList' on input line 2536.
Package rerunfilecheck Info: File `main.out' has not changed.
(rerunfilecheck)             Checksum: 18831EC456AD360AAFE925F792A354B8;512.


LaTeX Warning: There were multiply-defined labels.

 ) 
Here is how much of TeX's memory you used:
 22812 strings out of 480864
 429718 string characters out of 2908001
 714066 words of memory out of 3000000
 37856 multiletter control sequences out of 15000+200000
 622902 words of font info for 86 fonts, out of 3000000 for 9000
 1141 hyphenation exceptions out of 8191
 65i,15n,116p,1140b,1047s stack positions out of 5000i,500n,10000p,200000b,50000s
pdfTeX warning (dest): name{bsi} has been referenced but does not exist, replaced by a fixed one

pdfTeX warning (dest): name{mr} has been referenced but does not exist, replaced by a fixed one

pdfTeX warning (dest): name{consumer_survey_data} has been referenced but does not exist, replaced by a fixed one

pdfTeX warning (dest): name{data_and_policy} has been referenced but does not exist, replaced by a fixed one

pdfTeX warning (dest): name{discussion} has been referenced but does not exist, replaced by a fixed one

pdfTeX warning (dest): name{second_stage_ee} has been referenced but does not exist, replaced by a fixed one

pdfTeX warning (dest): name{income_target} has been referenced but does not exist, replaced by a fixed one

{C:/Program Files/MiKTeX/fonts/enc/dvips/lm/lm-ts1.enc}{C:/Program Files/MiKTeX/fonts/enc/dvips/lm/lm-rm.enc}{C:/Program Files/MiKTeX/fonts/enc/dvips/lm/lm-mathit.enc}{C:/Program Files/MiKTeX/fonts/enc/dvips/lm/lm-mathex.enc}{C:/Program Files/MiKTeX/fonts/enc/dvips/lm/lm-mathsy.enc}{C:/Program Files/MiKTeX/fonts/enc/dvips/lm/lm-ec.enc}<C:/Users/afabre/AppData/Roaming/MiKTeX/fonts/type1/public/eurosym/feymr10.pfb><C:/Program Files/MiKTeX/fonts/type1/public/lm/lmcsc10.pfb><C:/Program Files/MiKTeX/fonts/type1/public/lm/lmex10.pfb><C:/Program Files/MiKTeX/fonts/type1/public/lm/lmmi5.pfb><C:/Program Files/MiKTeX/fonts/type1/public/lm/lmmi6.pfb><C:/Program Files/MiKTeX/fonts/type1/public/lm/lmmi7.pfb><C:/Program Files/MiKTeX/fonts/type1/public/lm/lmmi8.pfb><C:/Program Files/MiKTeX/fonts/type1/public/lm/lmmi9.pfb><C:/Program Files/MiKTeX/fonts/type1/public/lm/lmr5.pfb><C:/Program Files/MiKTeX/fonts/type1/public/lm/lmr6.pfb><C:/Program Files/MiKTeX/fonts/type1/public/lm/lmr7.pfb><C:/Program Files/MiKTeX/fonts/type1/public/lm/lmr8.pfb><C:/Program Files/MiKTeX/fonts/type1/public/lm/lmr9.pfb><C:/Program Files/MiKTeX/fonts/type1/public/lm/lmss10.pfb><C:/Program Files/MiKTeX/fonts/type1/public/lm/lmss12.pfb><C:/Program Files/MiKTeX/fonts/type1/public/lm/lmss8.pfb><C:/Program Files/MiKTeX/fonts/type1/public/lm/lmss9.pfb><C:/Program Files/MiKTeX/fonts/type1/public/lm/lmssbo10.pfb><C:/Program Files/MiKTeX/fonts/type1/public/lm/lmssbx10.pfb><C:/Program Files/MiKTeX/fonts/type1/public/lm/lmsso10.pfb><C:/Program Files/MiKTeX/fonts/type1/public/lm/lmsso8.pfb><C:/Program Files/MiKTeX/fonts/type1/public/lm/lmsso9.pfb><C:/Program Files/MiKTeX/fonts/type1/public/lm/lmsy5.pfb><C:/Program Files/MiKTeX/fonts/type1/public/lm/lmsy6.pfb><C:/Program Files/MiKTeX/fonts/type1/public/lm/lmsy8.pfb><C:/Program Files/MiKTeX/fonts/type1/public/lm/lmsy9.pfb><C:/Program Files/MiKTeX/fonts/type1/public/amsfonts/symbols/msam10.pfb><C:/Program Files/MiKTeX/fonts/type1/public/amsfonts/symbols/msam5.pfb><C:/Program Files/MiKTeX/fonts/type1/public/amsfonts/symbols/msam7.pfb>
Output written on main.pdf (90 pages, 3331050 bytes).
PDF statistics:
 1032 PDF objects out of 1200 (max. 8388607)
 245 named destinations out of 1000 (max. 500000)
 246 words of extra memory for PDF output out of 10000 (max. 10000000)

